;  LST file generated by mikroListExporter - v.2.0 
; Date/Time: 6/16/2021 10:56:26 AM
;----------------------------------------------

;Address Opcode 	ASM
0x0000	0xF000EF09  	GOTO        18
_high_int:
;Pratica2.c,3 :: 		void high_int() iv 0x0008 ics ICS_AUTO{
;Pratica2.c,4 :: 		LATC.F2 = !LATC.F2;
0x0008	0x748B      	BTG         LATC, 2 
;Pratica2.c,5 :: 		TMR0L = temp;
0x000A	0xFFD6C015  	MOVFF       _temp, TMR0L
;Pratica2.c,6 :: 		INTCON.f2 = 0;
0x000E	0x94F2      	BCF         INTCON, 2 
;Pratica2.c,7 :: 		}
L_end_high_int:
L__high_int27:
0x0010	0x0011      	RETFIE      1
; end of _high_int
_main:
;Pratica2.c,10 :: 		void main() {
;Pratica2.c,11 :: 		ADCON1 = 0x0F;
0x0012	0x0E0F      	MOVLW       15
0x0014	0x6EC1      	MOVWF       ADCON1 
;Pratica2.c,12 :: 		TRISB = 0x0F;
0x0016	0x0E0F      	MOVLW       15
0x0018	0x6E93      	MOVWF       TRISB 
;Pratica2.c,13 :: 		TRISC = 0x00;
0x001A	0x6A94      	CLRF        TRISC 
;Pratica2.c,15 :: 		INTCON = 0b11100000;
0x001C	0x0EE0      	MOVLW       224
0x001E	0x6EF2      	MOVWF       INTCON 
;Pratica2.c,16 :: 		INTCON2.F7 = 0;
0x0020	0x9EF1      	BCF         INTCON2, 7 
;Pratica2.c,18 :: 		LATB.F7 = 1;
0x0022	0x8E8A      	BSF         LATB, 7 
;Pratica2.c,19 :: 		LATB.F6 = 1;
0x0024	0x8C8A      	BSF         LATB, 6 
;Pratica2.c,20 :: 		LATB.F5 = 1;
0x0026	0x8A8A      	BSF         LATB, 5 
;Pratica2.c,21 :: 		LATB.F4 = 1;
0x0028	0x888A      	BSF         LATB, 4 
;Pratica2.c,23 :: 		T0CON = 0b01000000;
0x002A	0x0E40      	MOVLW       64
0x002C	0x6ED5      	MOVWF       T0CON 
;Pratica2.c,25 :: 		while(1){
L_main0:
;Pratica2.c,26 :: 		LATB.F6 = 0;
0x002E	0x9C8A      	BCF         LATB, 6 
;Pratica2.c,28 :: 		if(!PORTB.F0){
0x0030	0xB081      	BTFSC       PORTB, 0 
0x0032	0xD009      	BRA         L_main2
;Pratica2.c,29 :: 		temp = 129;
0x0034	0x0E81      	MOVLW       129
0x0036	0x6E15      	MOVWF       _temp 
;Pratica2.c,30 :: 		TMR0L = 129;
0x0038	0x0E81      	MOVLW       129
0x003A	0x6ED6      	MOVWF       TMR0L 
;Pratica2.c,31 :: 		T0CON.F7 = 1;
0x003C	0x8ED5      	BSF         T0CON, 7 
;Pratica2.c,32 :: 		while(!PORTB.F0){}
L_main3:
0x003E	0xB081      	BTFSC       PORTB, 0 
0x0040	0xD001      	BRA         L_main4
0x0042	0xD7FD      	BRA         L_main3
L_main4:
;Pratica2.c,33 :: 		T0CON.F7 = 0;
0x0044	0x9ED5      	BCF         T0CON, 7 
;Pratica2.c,34 :: 		}
L_main2:
;Pratica2.c,36 :: 		if(!PORTB.F1){
0x0046	0xB281      	BTFSC       PORTB, 1 
0x0048	0xD009      	BRA         L_main5
;Pratica2.c,37 :: 		temp = 135;
0x004A	0x0E87      	MOVLW       135
0x004C	0x6E15      	MOVWF       _temp 
;Pratica2.c,38 :: 		TMR0L = 135;
0x004E	0x0E87      	MOVLW       135
0x0050	0x6ED6      	MOVWF       TMR0L 
;Pratica2.c,39 :: 		T0CON.F7 = 1;
0x0052	0x8ED5      	BSF         T0CON, 7 
;Pratica2.c,40 :: 		while(!PORTB.F1){}
L_main6:
0x0054	0xB281      	BTFSC       PORTB, 1 
0x0056	0xD001      	BRA         L_main7
0x0058	0xD7FD      	BRA         L_main6
L_main7:
;Pratica2.c,41 :: 		T0CON.F7 = 0;
0x005A	0x9ED5      	BCF         T0CON, 7 
;Pratica2.c,42 :: 		}
L_main5:
;Pratica2.c,43 :: 		LATB.F6 = 1;
0x005C	0x8C8A      	BSF         LATB, 6 
;Pratica2.c,45 :: 		LATB.F5 = 0;
0x005E	0x9A8A      	BCF         LATB, 5 
;Pratica2.c,47 :: 		if(!PORTB.F0){
0x0060	0xB081      	BTFSC       PORTB, 0 
0x0062	0xD009      	BRA         L_main8
;Pratica2.c,48 :: 		temp = 77;
0x0064	0x0E4D      	MOVLW       77
0x0066	0x6E15      	MOVWF       _temp 
;Pratica2.c,49 :: 		TMR0L = 77;
0x0068	0x0E4D      	MOVLW       77
0x006A	0x6ED6      	MOVWF       TMR0L 
;Pratica2.c,50 :: 		T0CON.F7 = 1;
0x006C	0x8ED5      	BSF         T0CON, 7 
;Pratica2.c,51 :: 		while(!PORTB.F0){}
L_main9:
0x006E	0xB081      	BTFSC       PORTB, 0 
0x0070	0xD001      	BRA         L_main10
0x0072	0xD7FD      	BRA         L_main9
L_main10:
;Pratica2.c,52 :: 		T0CON.F7 = 0;
0x0074	0x9ED5      	BCF         T0CON, 7 
;Pratica2.c,53 :: 		}
L_main8:
;Pratica2.c,55 :: 		if(!PORTB.F1){
0x0076	0xB281      	BTFSC       PORTB, 1 
0x0078	0xD009      	BRA         L_main11
;Pratica2.c,56 :: 		temp = 97;
0x007A	0x0E61      	MOVLW       97
0x007C	0x6E15      	MOVWF       _temp 
;Pratica2.c,57 :: 		TMR0L = 97;
0x007E	0x0E61      	MOVLW       97
0x0080	0x6ED6      	MOVWF       TMR0L 
;Pratica2.c,58 :: 		T0CON.F7 = 1;
0x0082	0x8ED5      	BSF         T0CON, 7 
;Pratica2.c,59 :: 		while(!PORTB.F1){}
L_main12:
0x0084	0xB281      	BTFSC       PORTB, 1 
0x0086	0xD001      	BRA         L_main13
0x0088	0xD7FD      	BRA         L_main12
L_main13:
;Pratica2.c,60 :: 		T0CON.F7 = 0;
0x008A	0x9ED5      	BCF         T0CON, 7 
;Pratica2.c,61 :: 		}
L_main11:
;Pratica2.c,63 :: 		if(!PORTB.F2){
0x008C	0xB481      	BTFSC       PORTB, 2 
0x008E	0xD009      	BRA         L_main14
;Pratica2.c,64 :: 		temp = 114;
0x0090	0x0E72      	MOVLW       114
0x0092	0x6E15      	MOVWF       _temp 
;Pratica2.c,65 :: 		TMR0L = 114;
0x0094	0x0E72      	MOVLW       114
0x0096	0x6ED6      	MOVWF       TMR0L 
;Pratica2.c,66 :: 		T0CON.F7 = 1;
0x0098	0x8ED5      	BSF         T0CON, 7 
;Pratica2.c,67 :: 		while(!PORTB.F2){}
L_main15:
0x009A	0xB481      	BTFSC       PORTB, 2 
0x009C	0xD001      	BRA         L_main16
0x009E	0xD7FD      	BRA         L_main15
L_main16:
;Pratica2.c,68 :: 		T0CON.F7 = 0;
0x00A0	0x9ED5      	BCF         T0CON, 7 
;Pratica2.c,69 :: 		}
L_main14:
;Pratica2.c,70 :: 		LATB.F5 = 1;
0x00A2	0x8A8A      	BSF         LATB, 5 
;Pratica2.c,72 :: 		LATB.F4 = 0;
0x00A4	0x988A      	BCF         LATB, 4 
;Pratica2.c,74 :: 		if(!PORTB.F0){
0x00A6	0xB081      	BTFSC       PORTB, 0 
0x00A8	0xD009      	BRA         L_main17
;Pratica2.c,75 :: 		temp = 15;
0x00AA	0x0E0F      	MOVLW       15
0x00AC	0x6E15      	MOVWF       _temp 
;Pratica2.c,76 :: 		TMR0L = 15;
0x00AE	0x0E0F      	MOVLW       15
0x00B0	0x6ED6      	MOVWF       TMR0L 
;Pratica2.c,77 :: 		T0CON.F7 = 1;
0x00B2	0x8ED5      	BSF         T0CON, 7 
;Pratica2.c,78 :: 		while(!PORTB.F0){}
L_main18:
0x00B4	0xB081      	BTFSC       PORTB, 0 
0x00B6	0xD001      	BRA         L_main19
0x00B8	0xD7FD      	BRA         L_main18
L_main19:
;Pratica2.c,79 :: 		T0CON.F7 = 0;
0x00BA	0x9ED5      	BCF         T0CON, 7 
;Pratica2.c,80 :: 		}
L_main17:
;Pratica2.c,82 :: 		if(!PORTB.F1){
0x00BC	0xB281      	BTFSC       PORTB, 1 
0x00BE	0xD009      	BRA         L_main20
;Pratica2.c,83 :: 		temp = 43;
0x00C0	0x0E2B      	MOVLW       43
0x00C2	0x6E15      	MOVWF       _temp 
;Pratica2.c,84 :: 		TMR0L = 43;
0x00C4	0x0E2B      	MOVLW       43
0x00C6	0x6ED6      	MOVWF       TMR0L 
;Pratica2.c,85 :: 		T0CON.F7 = 1;
0x00C8	0x8ED5      	BSF         T0CON, 7 
;Pratica2.c,86 :: 		while(!PORTB.F1){}
L_main21:
0x00CA	0xB281      	BTFSC       PORTB, 1 
0x00CC	0xD001      	BRA         L_main22
0x00CE	0xD7FD      	BRA         L_main21
L_main22:
;Pratica2.c,87 :: 		T0CON.F7 = 0;
0x00D0	0x9ED5      	BCF         T0CON, 7 
;Pratica2.c,88 :: 		}
L_main20:
;Pratica2.c,90 :: 		if(!PORTB.F2){
0x00D2	0xB481      	BTFSC       PORTB, 2 
0x00D4	0xD009      	BRA         L_main23
;Pratica2.c,91 :: 		temp = 66;
0x00D6	0x0E42      	MOVLW       66
0x00D8	0x6E15      	MOVWF       _temp 
;Pratica2.c,92 :: 		TMR0L = 66;
0x00DA	0x0E42      	MOVLW       66
0x00DC	0x6ED6      	MOVWF       TMR0L 
;Pratica2.c,93 :: 		T0CON.F7 = 1;
0x00DE	0x8ED5      	BSF         T0CON, 7 
;Pratica2.c,94 :: 		while(!PORTB.F2){}
L_main24:
0x00E0	0xB481      	BTFSC       PORTB, 2 
0x00E2	0xD001      	BRA         L_main25
0x00E4	0xD7FD      	BRA         L_main24
L_main25:
;Pratica2.c,95 :: 		T0CON.F7 = 0;
0x00E6	0x9ED5      	BCF         T0CON, 7 
;Pratica2.c,96 :: 		}
L_main23:
;Pratica2.c,97 :: 		LATB.F4 = 1;
0x00E8	0x888A      	BSF         LATB, 4 
;Pratica2.c,98 :: 		}
0x00EA	0xD7A1      	BRA         L_main0
;Pratica2.c,101 :: 		}
L_end_main:
0x00EC	0xD7FF      	BRA         $+0
; end of _main
Symbol List:
//** Routines locations **
//ADDRESS    SIZE    PROCEDURE
//----------------------------------------------
0x0008      [10]    _high_int
0x0012     [220]    _main
//** Variables locations ** 
//ADDRESS    SIZE    VARIABLE
//----------------------------------------------
0x0000       [1]    R0
0x0001       [1]    R1
0x0002       [1]    R2
0x0003       [1]    R3
0x0004       [1]    R4
0x0005       [1]    R5
0x0006       [1]    R6
0x0007       [1]    R7
0x0008       [1]    R8
0x0009       [1]    R9
0x000A       [1]    R10
0x000B       [1]    R11
0x000C       [1]    R12
0x000D       [1]    R13
0x000E       [1]    R14
0x000F       [1]    R15
0x0010       [1]    R16
0x0011       [1]    R17
0x0012       [1]    R18
0x0013       [1]    R19
0x0014       [1]    R20
0x0015       [1]    _temp
0x0F81       [1]    PORTB
0x0F8A       [1]    LATB
0x0F8B       [1]    LATC
0x0F93       [1]    TRISB
0x0F94       [1]    TRISC
0x0FC1       [1]    ADCON1
0x0FD5       [1]    T0CON
0x0FD6       [1]    TMR0L
0x0FD8       [1]    STATUS
0x0FD9       [1]    FSR2L
0x0FDA       [1]    FSR2H
0x0FDE       [1]    POSTINC2
0x0FE0       [1]    BSR
0x0FE1       [1]    FSR1L
0x0FE2       [1]    FSR1H
0x0FE4       [1]    PREINC1
0x0FE6       [1]    POSTINC1
0x0FE7       [1]    INDF1
0x0FE8       [1]    WREG
0x0FE9       [1]    FSR0L
0x0FEA       [1]    FSR0H
0x0FEE       [1]    POSTINC0
0x0FF1       [1]    INTCON2
0x0FF2       [1]    INTCON
0x0FF3       [1]    PRODL
0x0FF4       [1]    PRODH
0x0FF5       [1]    TABLAT
0x0FF6       [1]    TBLPTRL
0x0FF7       [1]    TBLPTRH
0x0FF8       [1]    TBLPTRU
